<?xml version="1.0" encoding="UTF-8"?>
<testng-results ignored="0" total="1" passed="1" failed="0" skipped="0">
  <reporter-output>
  </reporter-output>
  <suite started-at="2023-05-03T11:46:12 IST" name="Default suite" finished-at="2023-05-03T11:46:12 IST" duration-ms="178">
    <groups>
    </groups>
    <test started-at="2023-05-03T11:46:12 IST" name="Default test" finished-at="2023-05-03T11:46:12 IST" duration-ms="178">
      <class name="Data.PS1">
        <test-method is-config="true" signature="S3()[pri:0, instance:Data.PS1@3541cb24]" started-at="2023-05-03T11:46:12 IST" name="S3" finished-at="2023-05-03T11:46:12 IST" duration-ms="14" status="PASS">
          <reporter-output>
          </reporter-output>
        </test-method> <!-- S3 -->
        <test-method signature="S1()[pri:0, instance:Data.PS1@3541cb24]" started-at="2023-05-03T11:46:12 IST" name="S1" finished-at="2023-05-03T11:46:12 IST" duration-ms="23" status="PASS">
          <reporter-output>
          </reporter-output>
        </test-method> <!-- S1 -->
        <test-method is-config="true" signature="S4()[pri:0, instance:Data.PS1@3541cb24]" started-at="2023-05-03T11:46:12 IST" name="S4" finished-at="2023-05-03T11:46:12 IST" duration-ms="1" status="PASS">
          <reporter-output>
          </reporter-output>
        </test-method> <!-- S4 -->
      </class> <!-- Data.PS1 -->
    </test> <!-- Default test -->
  </suite> <!-- Default suite -->
</testng-results>
